0 info it worked if it ends with ok
1 verbose cli [ 'C:\\Program Files\\nodejs\\node.exe',
1 verbose cli   'C:\\Program Files\\nodejs\\node_modules\\npm\\bin\\npm-cli.js',
1 verbose cli   'start' ]
2 info using npm@3.10.10
3 info using node@v6.11.4
4 verbose run-script [ 'prestart', 'start', 'poststart' ]
5 info lifecycle chat@0.0.1~prestart: chat@0.0.1
6 silly lifecycle chat@0.0.1~prestart: no script for prestart, continuing
7 info lifecycle chat@0.0.1~start: chat@0.0.1
8 verbose lifecycle chat@0.0.1~start: unsafe-perm in lifecycle true
9 verbose lifecycle chat@0.0.1~start: PATH: C:\Program Files\nodejs\node_modules\npm\bin\node-gyp-bin;C:\Users\Satyanarayana\Documents\JavaScript\p4\node_modules\.bin;C:\Users\Satyanarayana\AppData\Roaming\npm;C:\Program Files\nodejs\;C:\Program Files (x86)\iis express\PHP\v5.6;C:\ProgramData\Oracle\Java\javapath;C:\Program Files (x86)\iis express\PHP\v5.5;C:\Windows\system32;C:\Windows;C:\Windows\System32\Wbem;C:\Windows\System32\WindowsPowerShell\v1.0\;C:\Program Files (x86)\Intel\OpenCL SDK\2.0\bin\x86;C:\Program Files (x86)\Intel\OpenCL SDK\2.0\bin\x64;C:\Program Files\Microsoft SQL Server\130\Tools\Binn\;C:\Program Files (x86)\Microsoft ASP.NET\ASP.NET Web Pages\v1.0\;C:\Users\Satyanarayana\Documents\Visual Studio 2017\Projects\WordpressAutomation\WordpressAutomation\bin\Debug;E:\Softwares\Selenium\apache-maven-3.5.0\bin;C:\Program Files\Java\jdk1.8.0_144\bin;C:\Users\Satyanarayana\Downloads\;C:\Program Files (x86)\Brackets\command;C:\Program Files\nodejs\;C:\Program Files\Git\bin;C:\Users\Satyanarayana\AppData\Roaming\npm;C:\Program Files\Git\bin
10 verbose lifecycle chat@0.0.1~start: CWD: C:\Users\Satyanarayana\Documents\JavaScript\p4
11 silly lifecycle chat@0.0.1~start: Args: [ '/d /s /c', 'node server.js' ]
12 silly lifecycle chat@0.0.1~start: Returned: code: 1  signal: null
13 info lifecycle chat@0.0.1~start: Failed to exec start script
14 verbose stack Error: chat@0.0.1 start: `node server.js`
14 verbose stack Exit status 1
14 verbose stack     at EventEmitter.<anonymous> (C:\Program Files\nodejs\node_modules\npm\lib\utils\lifecycle.js:255:16)
14 verbose stack     at emitTwo (events.js:106:13)
14 verbose stack     at EventEmitter.emit (events.js:191:7)
14 verbose stack     at ChildProcess.<anonymous> (C:\Program Files\nodejs\node_modules\npm\lib\utils\spawn.js:40:14)
14 verbose stack     at emitTwo (events.js:106:13)
14 verbose stack     at ChildProcess.emit (events.js:191:7)
14 verbose stack     at maybeClose (internal/child_process.js:920:16)
14 verbose stack     at Process.ChildProcess._handle.onexit (internal/child_process.js:230:5)
15 verbose pkgid chat@0.0.1
16 verbose cwd C:\Users\Satyanarayana\Documents\JavaScript\p4
17 error Windows_NT 6.3.9600
18 error argv "C:\\Program Files\\nodejs\\node.exe" "C:\\Program Files\\nodejs\\node_modules\\npm\\bin\\npm-cli.js" "start"
19 error node v6.11.4
20 error npm  v3.10.10
21 error code ELIFECYCLE
22 error chat@0.0.1 start: `node server.js`
22 error Exit status 1
23 error Failed at the chat@0.0.1 start script 'node server.js'.
23 error Make sure you have the latest version of node.js and npm installed.
23 error If you do, this is most likely a problem with the chat package,
23 error not with npm itself.
23 error Tell the author that this fails on your system:
23 error     node server.js
23 error You can get information on how to open an issue for this project with:
23 error     npm bugs chat
23 error Or if that isn't available, you can get their info via:
23 error     npm owner ls chat
23 error There is likely additional logging output above.
24 verbose exit [ 1, true ]
